=== INICI DAILY SCRAPER (UTC): 2026-05-21 07:20:27 ===
2026-05-21 07:20:27 - ============================================================
2026-05-21 07:20:27 - 🌤️  DAILY WEATHER SCRAPER - VERSIÓ UTC
2026-05-21 07:20:27 - ============================================================
2026-05-21 07:20:27 - 
==================================================
2026-05-21 07:20:27 - 📡 Processant: Fornells de la Selva [UO]
2026-05-21 07:20:27 - 
🌐 Connectant a Fornells de la Selva...
2026-05-21 07:20:29 - 📊 Total files trobades a la taula: 15
2026-05-21 07:20:29 -    ✅ Període UTC: 00:00 - 00:30 | TX: 12.7 | TN: 12.2 | Pluja: 0.0
2026-05-21 07:20:29 -    ✅ Període UTC: 00:30 - 01:00 | TX: 12.5 | TN: 12.3 | Pluja: 0.0
2026-05-21 07:20:29 -    ✅ Període UTC: 01:00 - 01:30 | TX: 12.5 | TN: 12.0 | Pluja: 0.0
2026-05-21 07:20:29 -    ✅ Període UTC: 01:30 - 02:00 | TX: 12.0 | TN: 11.6 | Pluja: 0.0
2026-05-21 07:20:29 -    ✅ Període UTC: 02:00 - 02:30 | TX: 12.1 | TN: 11.8 | Pluja: 0.0
2026-05-21 07:20:29 -    ✅ Període UTC: 02:30 - 03:00 | TX: 11.9 | TN: 11.5 | Pluja: 0.0
2026-05-21 07:20:29 -    ✅ Període UTC: 03:00 - 03:30 | TX: 11.9 | TN: 11.4 | Pluja: 0.0
2026-05-21 07:20:29 -    ✅ Període UTC: 03:30 - 04:00 | TX: 11.7 | TN: 11.1 | Pluja: 0.0
2026-05-21 07:20:29 -    ✅ Període UTC: 04:00 - 04:30 | TX: 11.6 | TN: 11.1 | Pluja: 0.0
2026-05-21 07:20:29 -    ✅ Període UTC: 04:30 - 05:00 | TX: 11.7 | TN: 11.3 | Pluja: 0.0
2026-05-21 07:20:29 -    ✅ Període UTC: 05:00 - 05:30 | TX: 13.6 | TN: 11.7 | Pluja: 0.0
2026-05-21 07:20:29 -    ✅ Període UTC: 05:30 - 06:00 | TX: 15.1 | TN: 13.7 | Pluja: 0.0
2026-05-21 07:20:29 -    ✅ Període UTC: 06:00 - 06:30 | TX: 17.5 | TN: 14.9 | Pluja: 0.0
2026-05-21 07:20:29 -    ✅ Període UTC: 06:30 - 07:00 | TX: 20.0 | TN: 17.5 | Pluja: 0.0
2026-05-21 07:20:29 - 📈 Total períodes vàlids trobats: 14
2026-05-21 07:20:29 - 📊 RESUM CALCULAT:
2026-05-21 07:20:29 -    • Màxima del dia: 20.0°C
2026-05-21 07:20:29 -    • Mínima del dia: 11.1°C
2026-05-21 07:20:29 -    • Pluja acumulada: 0.0mm
2026-05-21 07:20:29 -    • Últim període: 06:30 - 07:00 UTC
2026-05-21 07:20:29 -    • Hora actualització: 07:20
2026-05-21 07:20:29 - 💾 Dades guardades a data/UO_20260521.csv (14 registres)
2026-05-21 07:20:29 - ✅ Fornells de la Selva: 14 períodes processats
2026-05-21 07:20:29 - 
==================================================
2026-05-21 07:20:29 - 📡 Processant: Girona [XJ]
2026-05-21 07:20:29 - 
🌐 Connectant a Girona...
2026-05-21 07:20:31 - 📊 Total files trobades a la taula: 15
2026-05-21 07:20:31 -    ✅ Període UTC: 00:00 - 00:30 | TX: 13.3 | TN: 13.0 | Pluja: 0.0
2026-05-21 07:20:31 -    ✅ Període UTC: 00:30 - 01:00 | TX: 13.1 | TN: 12.7 | Pluja: 0.0
2026-05-21 07:20:31 -    ✅ Període UTC: 01:00 - 01:30 | TX: 12.9 | TN: 12.7 | Pluja: 0.0
2026-05-21 07:20:31 -    ✅ Període UTC: 01:30 - 02:00 | TX: 12.6 | TN: 12.5 | Pluja: 0.0
2026-05-21 07:20:31 -    ✅ Període UTC: 02:00 - 02:30 | TX: 12.6 | TN: 12.3 | Pluja: 0.0
2026-05-21 07:20:31 -    ✅ Període UTC: 02:30 - 03:00 | TX: 12.3 | TN: 12.1 | Pluja: 0.0
2026-05-21 07:20:31 -    ✅ Període UTC: 03:00 - 03:30 | TX: 12.1 | TN: 11.9 | Pluja: 0.0
2026-05-21 07:20:31 -    ✅ Període UTC: 03:30 - 04:00 | TX: 11.8 | TN: 11.7 | Pluja: 0.0
2026-05-21 07:20:31 -    ✅ Període UTC: 04:00 - 04:30 | TX: 12.0 | TN: 11.7 | Pluja: 0.0
2026-05-21 07:20:31 -    ✅ Període UTC: 04:30 - 05:00 | TX: 12.2 | TN: 11.6 | Pluja: 0.0
2026-05-21 07:20:31 -    ✅ Període UTC: 05:00 - 05:30 | TX: 13.7 | TN: 12.3 | Pluja: 0.0
2026-05-21 07:20:31 -    ✅ Període UTC: 05:30 - 06:00 | TX: 17.3 | TN: 13.8 | Pluja: 0.0
2026-05-21 07:20:31 -    ✅ Període UTC: 06:00 - 06:30 | TX: 19.3 | TN: 17.3 | Pluja: 0.0
2026-05-21 07:20:31 -    ✅ Període UTC: 06:30 - 07:00 | TX: 20.5 | TN: 19.3 | Pluja: 0.0
2026-05-21 07:20:31 - 📈 Total períodes vàlids trobats: 14
2026-05-21 07:20:31 - 📊 RESUM CALCULAT:
2026-05-21 07:20:31 -    • Màxima del dia: 20.5°C
2026-05-21 07:20:31 -    • Mínima del dia: 11.6°C
2026-05-21 07:20:31 -    • Pluja acumulada: 0.0mm
2026-05-21 07:20:31 -    • Últim període: 06:30 - 07:00 UTC
2026-05-21 07:20:31 -    • Hora actualització: 07:20
2026-05-21 07:20:31 - 💾 Dades guardades a data/XJ_20260521.csv (14 registres)
2026-05-21 07:20:31 - ✅ Girona: 14 períodes processats
2026-05-21 07:20:31 - 💾 Dades guardades a data/weather_daily_20260521.json
2026-05-21 07:20:31 - 💾 Dades guardades a data/weather_summary.json
2026-05-21 07:20:31 - 
============================================================
2026-05-21 07:20:31 - 📋 RESUM FINAL DEL DIA (UTC)
2026-05-21 07:20:31 - ============================================================
2026-05-21 07:20:31 - 
📍 Fornells de la Selva:
2026-05-21 07:20:31 -    • Períodes: 14
2026-05-21 07:20:31 -    • Màxima: 20.0°C
2026-05-21 07:20:31 -    • Mínima: 11.1°C
2026-05-21 07:20:31 -    • Pluja: 0.0mm
2026-05-21 07:20:31 -    • Últim període: 06:30 - 07:00 UTC
2026-05-21 07:20:31 -    • Actualització: 07:20
2026-05-21 07:20:31 - 
📍 Girona:
2026-05-21 07:20:31 -    • Períodes: 14
2026-05-21 07:20:31 -    • Màxima: 20.5°C
2026-05-21 07:20:31 -    • Mínima: 11.6°C
2026-05-21 07:20:31 -    • Pluja: 0.0mm
2026-05-21 07:20:31 -    • Últim període: 06:30 - 07:00 UTC
2026-05-21 07:20:31 -    • Actualització: 07:20
2026-05-21 07:20:31 - 
💾 Fitxers generats:
2026-05-21 07:20:31 -    • data/weather_summary.json (per HTML)
2026-05-21 07:20:31 -    • data/weather_daily_YYYYMMDD.json (complet)
2026-05-21 07:20:31 -    • data/XX_YYYYMMDD.csv (per estació)
2026-05-21 07:20:31 - 
✅ PROCÉS COMPLETAT
2026-05-21 07:20:31 - ============================================================
