=== INICI: 2026-06-05 16:50:36 UTC ===

🚀 GENERADOR RSS METEOCAT - DEFINITIU
============================================================
📚 Dades guardades: []

============================================================
📡 Processant: Girona [XJ]
🌐 Connectant a Girona...
📊 34 files trobades
📋 Columnes detectades (11):
   [0] PeríodeTU
   [1] TM°C
   [2] TX°C
   [3] TN°C
   [4] HRM%
   [5] PPTmm
   [6] VVM (10 m)km/h
   [7] DVM (10 m)graus
   [8] VVX (10 m)km/h
   [9] PMhPa
   [10] RSW/m2
🔍 Mapeig de columnes: {'periode': 0, 'tm': 1, 'tx': 2, 'tn': 3, 'hr': 4, 'ppt': 5, 'vvm': 6, 'dvm': 7, 'vvx': 8, 'pm': 9, 'rs': 10}
✅ Dades RECENTS trobades: 16:00 - 16:30
📊 Dades extretes:
   • tm: 18.7
   • tx: 18.8
   • tn: 18.6
   • hr: 63.0
   • ppt: 0.0
   • vvm: 6.1
   • dvm: 175.0
   • vvx: 13.7
   • pm: 1016.3
   • rs: 51.0
✅ Girona actualitzada

============================================================
📡 Processant: Fornells de la Selva [UO]
🌐 Connectant a Fornells de la Selva...
📊 34 files trobades
📋 Columnes detectades (6):
   [0] PeríodeTU
   [1] TM°C
   [2] TX°C
   [3] TN°C
   [4] HRM%
   [5] PPTmm
🔍 Mapeig de columnes: {'periode': 0, 'tm': 1, 'tx': 2, 'tn': 3, 'hr': 4, 'ppt': 5}
✅ Dades RECENTS trobades: 16:00 - 16:30
📊 Dades extretes:
   • tm: 17.9
   • tx: 18.0
   • tn: 17.8
   • hr: 73.0
   • ppt: 0.0
✅ Fornells de la Selva actualitzada
✅ Afegida al RSS: Girona
✅ Afegida al RSS: Fornells de la Selva

📊 Entrades RSS generades: 2
